<?xml version="1.0" encoding="UTF-8"?>
<testsuite name="銷售領域服務測試" tests="13" skipped="0" failures="0" errors="0" timestamp="2025-10-27T15:44:18" hostname="RexdeMacBook-Pro.local" time="0.039">
  <properties/>
  <testcase name="重複訂單ID時應拋出異常" classname="com.ecommerce.sales.domain.service.SalesDomainServiceTest" time="0.019"/>
  <testcase name="應該正確分析新客戶行為" classname="com.ecommerce.sales.domain.service.SalesDomainServiceTest" time="0.001"/>
  <testcase name="應該正確分析上升趨勢" classname="com.ecommerce.sales.domain.service.SalesDomainServiceTest" time="0.003"/>
  <testcase name="應該正確分析穩定趨勢" classname="com.ecommerce.sales.domain.service.SalesDomainServiceTest" time="0.0"/>
  <testcase name="低銷量商品不應觸發補貨警告" classname="com.ecommerce.sales.domain.service.SalesDomainServiceTest" time="0.001"/>
  <testcase name="高銷量商品應觸發補貨警告" classname="com.ecommerce.sales.domain.service.SalesDomainServiceTest" time="0.001"/>
  <testcase name="應該正確分析VIP客戶行為" classname="com.ecommerce.sales.domain.service.SalesDomainServiceTest" time="0.0"/>
  <testcase name="應該正確分析下降趨勢" classname="com.ecommerce.sales.domain.service.SalesDomainServiceTest" time="0.0"/>
  <testcase name="無銷售資料時應返回穩定趨勢" classname="com.ecommerce.sales.domain.service.SalesDomainServiceTest" time="0.0"/>
  <testcase name="應該正確分析商品高績效" classname="com.ecommerce.sales.domain.service.SalesDomainServiceTest" time="0.002"/>
  <testcase name="應該成功建立銷售記錄" classname="com.ecommerce.sales.domain.service.SalesDomainServiceTest" time="0.004"/>
  <testcase name="應該正確分析忠實客戶行為" classname="com.ecommerce.sales.domain.service.SalesDomainServiceTest" time="0.001"/>
  <testcase name="應該正確分析通道績效" classname="com.ecommerce.sales.domain.service.SalesDomainServiceTest" time="0.002"/>
  <system-out><![CDATA[]]></system-out>
  <system-err><![CDATA[]]></system-err>
</testsuite>
