<?xml version="1.0" encoding="UTF-8"?>
<testsuite name="訂單建立測試" tests="10" skipped="0" failures="0" errors="0" timestamp="2025-10-26T15:32:41" hostname="RexdeMacBook-Pro.local" time="0.32">
  <properties/>
  <testcase name="應該成功建立有效的訂單" classname="com.ecommerce.order.domain.model.OrderTest$OrderCreationTest" time="0.0"/>
  <testcase name="當配送地址為空時應該拋出異常" classname="com.ecommerce.order.domain.model.OrderTest$OrderCreationTest" time="0.001"/>
  <testcase name="當客戶姓名為空時應該拋出異常" classname="com.ecommerce.order.domain.model.OrderTest$OrderCreationTest" time="0.001"/>
  <testcase name="當電子郵件格式無效時應該拋出異常" classname="com.ecommerce.order.domain.model.OrderTest$OrderCreationTest" time="0.0"/>
  <testcase name="當客戶ID為空時應該拋出異常" classname="com.ecommerce.order.domain.model.OrderTest$OrderCreationTest" time="0.0"/>
  <testcase name="應該成功建立有效的訂單" classname="com.ecommerce.order.domain.model.OrderTest$OrderCreationTest" time="0.0"/>
  <testcase name="當配送地址為空時應該拋出異常" classname="com.ecommerce.order.domain.model.OrderTest$OrderCreationTest" time="0.001"/>
  <testcase name="當客戶姓名為空時應該拋出異常" classname="com.ecommerce.order.domain.model.OrderTest$OrderCreationTest" time="0.0"/>
  <testcase name="當電子郵件格式無效時應該拋出異常" classname="com.ecommerce.order.domain.model.OrderTest$OrderCreationTest" time="0.0"/>
  <testcase name="當客戶ID為空時應該拋出異常" classname="com.ecommerce.order.domain.model.OrderTest$OrderCreationTest" time="0.0"/>
  <system-out><![CDATA[]]></system-out>
  <system-err><![CDATA[]]></system-err>
</testsuite>
