<?xml version="1.0" encoding="UTF-8"?>
<testsuite name="運費計算測試" tests="6" skipped="0" failures="0" errors="0" timestamp="2025-10-26T15:32:41" hostname="RexdeMacBook-Pro.local" time="0.505">
  <properties/>
  <testcase name="當訂單金額未滿1000元且配送到其他地區時運費應該是100元" classname="com.ecommerce.order.domain.service.OrderDomainServiceTest$ShippingFeeCalculationTest" time="0.001"/>
  <testcase name="當訂單金額未滿1000元且配送到台北市時運費應該是60元" classname="com.ecommerce.order.domain.service.OrderDomainServiceTest$ShippingFeeCalculationTest" time="0.001"/>
  <testcase name="當訂單金額滿1000元時應該免運費" classname="com.ecommerce.order.domain.service.OrderDomainServiceTest$ShippingFeeCalculationTest" time="0.001"/>
  <testcase name="當訂單金額未滿1000元且配送到其他地區時運費應該是100元" classname="com.ecommerce.order.domain.service.OrderDomainServiceTest$ShippingFeeCalculationTest" time="0.001"/>
  <testcase name="當訂單金額未滿1000元且配送到台北市時運費應該是60元" classname="com.ecommerce.order.domain.service.OrderDomainServiceTest$ShippingFeeCalculationTest" time="0.003"/>
  <testcase name="當訂單金額滿1000元時應該免運費" classname="com.ecommerce.order.domain.service.OrderDomainServiceTest$ShippingFeeCalculationTest" time="0.003"/>
  <system-out><![CDATA[]]></system-out>
  <system-err><![CDATA[]]></system-err>
</testsuite>
