<?xml version="1.0" encoding="UTF-8"?>
<testsuite name="訂單項目建立測試" tests="20" skipped="0" failures="0" errors="0" timestamp="2025-10-26T15:32:41" hostname="RexdeMacBook-Pro.local" time="0.363">
  <properties/>
  <testcase name="當商品規格超過1000字元時應該拋出異常" classname="com.ecommerce.order.domain.model.OrderItemTest$OrderItemCreationTest" time="0.0"/>
  <testcase name="當數量超過999時應該拋出異常" classname="com.ecommerce.order.domain.model.OrderItemTest$OrderItemCreationTest" time="0.0"/>
  <testcase name="當單價小數位數超過2位時應該拋出異常" classname="com.ecommerce.order.domain.model.OrderItemTest$OrderItemCreationTest" time="0.0"/>
  <testcase name="應該成功建立有效的訂單項目" classname="com.ecommerce.order.domain.model.OrderItemTest$OrderItemCreationTest" time="0.0"/>
  <testcase name="當商品名稱為空時應該拋出異常" classname="com.ecommerce.order.domain.model.OrderItemTest$OrderItemCreationTest" time="0.001"/>
  <testcase name="當商品名稱超過200字元時應該拋出異常" classname="com.ecommerce.order.domain.model.OrderItemTest$OrderItemCreationTest" time="0.0"/>
  <testcase name="當商品ID為空時應該拋出異常" classname="com.ecommerce.order.domain.model.OrderItemTest$OrderItemCreationTest" time="0.0"/>
  <testcase name="當單價為null時應該拋出異常" classname="com.ecommerce.order.domain.model.OrderItemTest$OrderItemCreationTest" time="0.001"/>
  <testcase name="當數量為null或零或負數時應該拋出異常" classname="com.ecommerce.order.domain.model.OrderItemTest$OrderItemCreationTest" time="0.0"/>
  <testcase name="當單價為零或負數時應該拋出異常" classname="com.ecommerce.order.domain.model.OrderItemTest$OrderItemCreationTest" time="0.0"/>
  <testcase name="當商品規格超過1000字元時應該拋出異常" classname="com.ecommerce.order.domain.model.OrderItemTest$OrderItemCreationTest" time="0.0"/>
  <testcase name="當數量超過999時應該拋出異常" classname="com.ecommerce.order.domain.model.OrderItemTest$OrderItemCreationTest" time="0.0"/>
  <testcase name="當單價小數位數超過2位時應該拋出異常" classname="com.ecommerce.order.domain.model.OrderItemTest$OrderItemCreationTest" time="0.0"/>
  <testcase name="應該成功建立有效的訂單項目" classname="com.ecommerce.order.domain.model.OrderItemTest$OrderItemCreationTest" time="0.0"/>
  <testcase name="當商品名稱為空時應該拋出異常" classname="com.ecommerce.order.domain.model.OrderItemTest$OrderItemCreationTest" time="0.0"/>
  <testcase name="當商品名稱超過200字元時應該拋出異常" classname="com.ecommerce.order.domain.model.OrderItemTest$OrderItemCreationTest" time="0.001"/>
  <testcase name="當商品ID為空時應該拋出異常" classname="com.ecommerce.order.domain.model.OrderItemTest$OrderItemCreationTest" time="0.0"/>
  <testcase name="當單價為null時應該拋出異常" classname="com.ecommerce.order.domain.model.OrderItemTest$OrderItemCreationTest" time="0.0"/>
  <testcase name="當數量為null或零或負數時應該拋出異常" classname="com.ecommerce.order.domain.model.OrderItemTest$OrderItemCreationTest" time="0.0"/>
  <testcase name="當單價為零或負數時應該拋出異常" classname="com.ecommerce.order.domain.model.OrderItemTest$OrderItemCreationTest" time="0.0"/>
  <system-out><![CDATA[]]></system-out>
  <system-err><![CDATA[]]></system-err>
</testsuite>
