<?xml version="1.0" encoding="UTF-8"?>
<testsuite name="訂單取消檢查測試" tests="6" skipped="0" failures="0" errors="0" timestamp="2025-10-26T15:32:41" hostname="RexdeMacBook-Pro.local" time="0.499">
  <properties/>
  <testcase name="PAID狀態的訂單不應該可以取消" classname="com.ecommerce.order.domain.service.OrderDomainServiceTest$OrderCancellationCheckTest" time="0.002"/>
  <testcase name="PENDING狀態的訂單應該可以取消" classname="com.ecommerce.order.domain.service.OrderDomainServiceTest$OrderCancellationCheckTest" time="0.001"/>
  <testcase name="CONFIRMED狀態的訂單應該可以取消" classname="com.ecommerce.order.domain.service.OrderDomainServiceTest$OrderCancellationCheckTest" time="0.001"/>
  <testcase name="PAID狀態的訂單不應該可以取消" classname="com.ecommerce.order.domain.service.OrderDomainServiceTest$OrderCancellationCheckTest" time="0.003"/>
  <testcase name="PENDING狀態的訂單應該可以取消" classname="com.ecommerce.order.domain.service.OrderDomainServiceTest$OrderCancellationCheckTest" time="0.002"/>
  <testcase name="CONFIRMED狀態的訂單應該可以取消" classname="com.ecommerce.order.domain.service.OrderDomainServiceTest$OrderCancellationCheckTest" time="0.001"/>
  <system-out><![CDATA[]]></system-out>
  <system-err><![CDATA[]]></system-err>
</testsuite>
