<?xml version="1.0" encoding="UTF-8"?>
<testsuite name="訂單取消檢查測試" tests="2" skipped="0" failures="0" errors="0" timestamp="2025-10-26T15:32:41" hostname="RexdeMacBook-Pro.local" time="0.082">
  <properties/>
  <testcase name="應該正確檢查訂單是否可以取消" classname="com.ecommerce.order.application.usecase.OrderManagementServiceTest$OrderCancellationCheckTest" time="0.003"/>
  <testcase name="應該正確檢查訂單是否可以取消" classname="com.ecommerce.order.application.usecase.OrderManagementServiceTest$OrderCancellationCheckTest" time="0.001"/>
  <system-out><![CDATA[]]></system-out>
  <system-err><![CDATA[]]></system-err>
</testsuite>
