<?xml version="1.0" encoding="UTF-8"?>
<testsuite name="訂單項目字串表示測試" tests="2" skipped="0" failures="0" errors="0" timestamp="2025-10-26T15:32:41" hostname="RexdeMacBook-Pro.local" time="0.365">
  <properties/>
  <testcase name="toString方法應該包含關鍵資訊" classname="com.ecommerce.order.domain.model.OrderItemTest$OrderItemToStringTest" time="0.005"/>
  <testcase name="toString方法應該包含關鍵資訊" classname="com.ecommerce.order.domain.model.OrderItemTest$OrderItemToStringTest" time="0.001"/>
  <system-out><![CDATA[]]></system-out>
  <system-err><![CDATA[]]></system-err>
</testsuite>
