<?xml version="1.0" encoding="UTF-8"?>
<testsuite name="訂單金額計算測試" tests="6" skipped="0" failures="0" errors="0" timestamp="2025-10-26T15:32:41" hostname="RexdeMacBook-Pro.local" time="0.34">
  <properties/>
  <testcase name="當稅額為負數時應該拋出異常" classname="com.ecommerce.order.domain.model.OrderTest$OrderAmountCalculationTest" time="0.001"/>
  <testcase name="當運費為負數時應該拋出異常" classname="com.ecommerce.order.domain.model.OrderTest$OrderAmountCalculationTest" time="0.0"/>
  <testcase name="應該正確計算運費和稅額" classname="com.ecommerce.order.domain.model.OrderTest$OrderAmountCalculationTest" time="0.0"/>
  <testcase name="當稅額為負數時應該拋出異常" classname="com.ecommerce.order.domain.model.OrderTest$OrderAmountCalculationTest" time="0.001"/>
  <testcase name="當運費為負數時應該拋出異常" classname="com.ecommerce.order.domain.model.OrderTest$OrderAmountCalculationTest" time="0.0"/>
  <testcase name="應該正確計算運費和稅額" classname="com.ecommerce.order.domain.model.OrderTest$OrderAmountCalculationTest" time="0.0"/>
  <system-out><![CDATA[]]></system-out>
  <system-err><![CDATA[]]></system-err>
</testsuite>
