<?xml version="1.0" encoding="UTF-8"?>
<testsuite name="訂單查詢方法測試" tests="8" skipped="0" failures="0" errors="0" timestamp="2025-10-26T15:32:41" hostname="RexdeMacBook-Pro.local" time="0.341">
  <properties/>
  <testcase name="當找不到訂單項目時應該拋出異常" classname="com.ecommerce.order.domain.model.OrderTest$OrderQueryMethodTest" time="0.0"/>
  <testcase name="應該成功找到訂單項目" classname="com.ecommerce.order.domain.model.OrderTest$OrderQueryMethodTest" time="0.0"/>
  <testcase name="應該正確計算訂單項目總數" classname="com.ecommerce.order.domain.model.OrderTest$OrderQueryMethodTest" time="0.001"/>
  <testcase name="應該正確判斷是否可以修改項目" classname="com.ecommerce.order.domain.model.OrderTest$OrderQueryMethodTest" time="0.0"/>
  <testcase name="當找不到訂單項目時應該拋出異常" classname="com.ecommerce.order.domain.model.OrderTest$OrderQueryMethodTest" time="0.0"/>
  <testcase name="應該成功找到訂單項目" classname="com.ecommerce.order.domain.model.OrderTest$OrderQueryMethodTest" time="0.0"/>
  <testcase name="應該正確計算訂單項目總數" classname="com.ecommerce.order.domain.model.OrderTest$OrderQueryMethodTest" time="0.0"/>
  <testcase name="應該正確判斷是否可以修改項目" classname="com.ecommerce.order.domain.model.OrderTest$OrderQueryMethodTest" time="0.0"/>
  <system-out><![CDATA[]]></system-out>
  <system-err><![CDATA[]]></system-err>
</testsuite>
