<?xml version="1.0" encoding="UTF-8"?>
<testsuite name="稅額計算測試" tests="4" skipped="0" failures="0" errors="0" timestamp="2025-10-26T15:32:41" hostname="RexdeMacBook-Pro.local" time="0.498">
  <properties/>
  <testcase name="應該正確計算5%營業稅" classname="com.ecommerce.order.domain.service.OrderDomainServiceTest$TaxAmountCalculationTest" time="0.001"/>
  <testcase name="當運費為零時應該只對商品金額計稅" classname="com.ecommerce.order.domain.service.OrderDomainServiceTest$TaxAmountCalculationTest" time="0.001"/>
  <testcase name="應該正確計算5%營業稅" classname="com.ecommerce.order.domain.service.OrderDomainServiceTest$TaxAmountCalculationTest" time="0.001"/>
  <testcase name="當運費為零時應該只對商品金額計稅" classname="com.ecommerce.order.domain.service.OrderDomainServiceTest$TaxAmountCalculationTest" time="0.001"/>
  <system-out><![CDATA[]]></system-out>
  <system-err><![CDATA[]]></system-err>
</testsuite>
