<?xml version="1.0" encoding="UTF-8"?>
<testsuite name="狀態描述測試" tests="16" skipped="0" failures="0" errors="0" timestamp="2025-10-26T15:32:41" hostname="RexdeMacBook-Pro.local" time="0.354">
  <properties/>
  <testcase name="[1] status=PENDING" classname="com.ecommerce.order.domain.model.OrderStatusTest$StatusDescriptionTest" time="0.008"/>
  <testcase name="[2] status=CONFIRMED" classname="com.ecommerce.order.domain.model.OrderStatusTest$StatusDescriptionTest" time="0.0"/>
  <testcase name="[3] status=PAID" classname="com.ecommerce.order.domain.model.OrderStatusTest$StatusDescriptionTest" time="0.0"/>
  <testcase name="[4] status=SHIPPED" classname="com.ecommerce.order.domain.model.OrderStatusTest$StatusDescriptionTest" time="0.001"/>
  <testcase name="[5] status=DELIVERED" classname="com.ecommerce.order.domain.model.OrderStatusTest$StatusDescriptionTest" time="0.001"/>
  <testcase name="[6] status=CANCELLED" classname="com.ecommerce.order.domain.model.OrderStatusTest$StatusDescriptionTest" time="0.0"/>
  <testcase name="[7] status=REFUNDED" classname="com.ecommerce.order.domain.model.OrderStatusTest$StatusDescriptionTest" time="0.0"/>
  <testcase name="所有狀態都應該有中文描述" classname="com.ecommerce.order.domain.model.OrderStatusTest$StatusDescriptionTest" time="0.0"/>
  <testcase name="[1] status=PENDING" classname="com.ecommerce.order.domain.model.OrderStatusTest$StatusDescriptionTest" time="0.001"/>
  <testcase name="[2] status=CONFIRMED" classname="com.ecommerce.order.domain.model.OrderStatusTest$StatusDescriptionTest" time="0.001"/>
  <testcase name="[3] status=PAID" classname="com.ecommerce.order.domain.model.OrderStatusTest$StatusDescriptionTest" time="0.001"/>
  <testcase name="[4] status=SHIPPED" classname="com.ecommerce.order.domain.model.OrderStatusTest$StatusDescriptionTest" time="0.001"/>
  <testcase name="[5] status=DELIVERED" classname="com.ecommerce.order.domain.model.OrderStatusTest$StatusDescriptionTest" time="0.0"/>
  <testcase name="[6] status=CANCELLED" classname="com.ecommerce.order.domain.model.OrderStatusTest$StatusDescriptionTest" time="0.0"/>
  <testcase name="[7] status=REFUNDED" classname="com.ecommerce.order.domain.model.OrderStatusTest$StatusDescriptionTest" time="0.0"/>
  <testcase name="所有狀態都應該有中文描述" classname="com.ecommerce.order.domain.model.OrderStatusTest$StatusDescriptionTest" time="0.0"/>
  <system-out><![CDATA[]]></system-out>
  <system-err><![CDATA[]]></system-err>
</testsuite>
