<?xml version="1.0" encoding="UTF-8"?>
<testsuite name="訂單狀態轉換驗證測試" tests="6" skipped="0" failures="0" errors="0" timestamp="2025-10-26T15:32:41" hostname="RexdeMacBook-Pro.local" time="0.503">
  <properties/>
  <testcase name="應該成功驗證有效的狀態轉換" classname="com.ecommerce.order.domain.service.OrderDomainServiceTest$OrderStatusTransitionValidationTest" time="0.001"/>
  <testcase name="當狀態轉換無效時應該拋出異常" classname="com.ecommerce.order.domain.service.OrderDomainServiceTest$OrderStatusTransitionValidationTest" time="0.001"/>
  <testcase name="當訂單不存在時應該拋出異常" classname="com.ecommerce.order.domain.service.OrderDomainServiceTest$OrderStatusTransitionValidationTest" time="0.001"/>
  <testcase name="應該成功驗證有效的狀態轉換" classname="com.ecommerce.order.domain.service.OrderDomainServiceTest$OrderStatusTransitionValidationTest" time="0.001"/>
  <testcase name="當狀態轉換無效時應該拋出異常" classname="com.ecommerce.order.domain.service.OrderDomainServiceTest$OrderStatusTransitionValidationTest" time="0.0"/>
  <testcase name="當訂單不存在時應該拋出異常" classname="com.ecommerce.order.domain.service.OrderDomainServiceTest$OrderStatusTransitionValidationTest" time="0.0"/>
  <system-out><![CDATA[]]></system-out>
  <system-err><![CDATA[]]></system-err>
</testsuite>
