<?xml version="1.0" encoding="UTF-8"?>
<testsuite name="訂單商品檢查測試" tests="4" skipped="0" failures="0" errors="0" timestamp="2025-10-26T15:32:40" hostname="RexdeMacBook-Pro.local" time="1.1">
  <properties/>
  <testcase name="當訂單不包含指定商品時應該回傳false" classname="com.ecommerce.order.domain.service.OrderDomainServiceTest$OrderProductCheckTest" time="0.597"/>
  <testcase name="當訂單包含指定商品時應該回傳true" classname="com.ecommerce.order.domain.service.OrderDomainServiceTest$OrderProductCheckTest" time="0.003"/>
  <testcase name="當訂單不包含指定商品時應該回傳false" classname="com.ecommerce.order.domain.service.OrderDomainServiceTest$OrderProductCheckTest" time="0.002"/>
  <testcase name="當訂單包含指定商品時應該回傳true" classname="com.ecommerce.order.domain.service.OrderDomainServiceTest$OrderProductCheckTest" time="0.001"/>
  <system-out><![CDATA[]]></system-out>
  <system-err><![CDATA[]]></system-err>
</testsuite>
