<?xml version="1.0" encoding="UTF-8"?>
<testsuite name="可取消狀態測試" tests="14" skipped="0" failures="0" errors="0" timestamp="2025-10-26T15:32:41" hostname="RexdeMacBook-Pro.local" time="0.346">
  <properties/>
  <testcase name="PENDING狀態應該可以取消" classname="com.ecommerce.order.domain.model.OrderStatusTest$CancellableStatusTest" time="0.0"/>
  <testcase name="CONFIRMED狀態應該可以取消" classname="com.ecommerce.order.domain.model.OrderStatusTest$CancellableStatusTest" time="0.0"/>
  <testcase name="[1] status=PAID" classname="com.ecommerce.order.domain.model.OrderStatusTest$CancellableStatusTest" time="0.0"/>
  <testcase name="[2] status=SHIPPED" classname="com.ecommerce.order.domain.model.OrderStatusTest$CancellableStatusTest" time="0.0"/>
  <testcase name="[3] status=DELIVERED" classname="com.ecommerce.order.domain.model.OrderStatusTest$CancellableStatusTest" time="0.0"/>
  <testcase name="[4] status=CANCELLED" classname="com.ecommerce.order.domain.model.OrderStatusTest$CancellableStatusTest" time="0.0"/>
  <testcase name="[5] status=REFUNDED" classname="com.ecommerce.order.domain.model.OrderStatusTest$CancellableStatusTest" time="0.0"/>
  <testcase name="PENDING狀態應該可以取消" classname="com.ecommerce.order.domain.model.OrderStatusTest$CancellableStatusTest" time="0.0"/>
  <testcase name="CONFIRMED狀態應該可以取消" classname="com.ecommerce.order.domain.model.OrderStatusTest$CancellableStatusTest" time="0.0"/>
  <testcase name="[1] status=PAID" classname="com.ecommerce.order.domain.model.OrderStatusTest$CancellableStatusTest" time="0.0"/>
  <testcase name="[2] status=SHIPPED" classname="com.ecommerce.order.domain.model.OrderStatusTest$CancellableStatusTest" time="0.0"/>
  <testcase name="[3] status=DELIVERED" classname="com.ecommerce.order.domain.model.OrderStatusTest$CancellableStatusTest" time="0.0"/>
  <testcase name="[4] status=CANCELLED" classname="com.ecommerce.order.domain.model.OrderStatusTest$CancellableStatusTest" time="0.0"/>
  <testcase name="[5] status=REFUNDED" classname="com.ecommerce.order.domain.model.OrderStatusTest$CancellableStatusTest" time="0.0"/>
  <system-out><![CDATA[]]></system-out>
  <system-err><![CDATA[]]></system-err>
</testsuite>
